<?xml version="1.0" encoding="UTF-8"?>
<!-- Generated by org.testng.reporters.JUnitReportReporter -->
<testsuite hostname="Hp-Bilgisayar" failures="0" tests="4" name="com.mertyazilim.tests.AnaMenuTest" time="116.347" errors="1" timestamp="2021-12-11T21:16:47 EET" skipped="3">
  <testcase classname="com.mertyazilim.tests.AnaMenuTest" name="testSuccessfulLogin" time="0.000">
    <skipped/>
  </testcase> <!-- testSuccessfulLogin -->
  <system-out/>
  <testcase classname="com.mertyazilim.tests.AnaMenuTest" name="testSuccessfulLogin" time="0.000">
    <skipped/>
  </testcase> <!-- testSuccessfulLogin -->
  <system-out/>
  <testcase classname="com.mertyazilim.tests.AnaMenuTest" name="testSuccessfulLogin" time="0.000">
    <skipped/>
  </testcase> <!-- testSuccessfulLogin -->
  <system-out/>
  <testcase classname="com.mertyazilim.tests.AnaMenuTest" name="beforeMethod" time="116.347">
    <error message="java.lang.NullPointerException" type="io.github.bonigarcia.wdm.WebDriverManagerException">
      <![CDATA[io.github.bonigarcia.wdm.WebDriverManagerException: java.lang.NullPointerException
at io.github.bonigarcia.wdm.WebDriverManager.handleException(WebDriverManager.java:689)
at io.github.bonigarcia.wdm.WebDriverManager.manage(WebDriverManager.java:521)
at io.github.bonigarcia.wdm.WebDriverManager.handleException(WebDriverManager.java:686)
at io.github.bonigarcia.wdm.WebDriverManager.manage(WebDriverManager.java:521)
at io.github.bonigarcia.wdm.WebDriverManager.setup(WebDriverManager.java:251)
at com.mertyazilim.util.Browser.createDriver(Browser.java:84)
at com.mertyazilim.tests.TestBase.beforeMethod(TestBase.java:83)
at java.base/jdk.internal.reflect.NativeMethodAccessorImpl.invoke0(Native Method)
at java.base/jdk.internal.reflect.NativeMethodAccessorImpl.invoke(NativeMethodAccessorImpl.java:62)
at java.base/jdk.internal.reflect.DelegatingMethodAccessorImpl.invoke(DelegatingMethodAccessorImpl.java:43)
at java.base/java.lang.reflect.Method.invoke(Method.java:566)
at org.testng.internal.MethodInvocationHelper.invokeMethod(MethodInvocationHelper.java:132)
at org.testng.internal.MethodInvocationHelper.invokeMethodConsideringTimeout(MethodInvocationHelper.java:61)
at org.testng.internal.ConfigInvoker.invokeConfigurationMethod(ConfigInvoker.java:366)
at org.testng.internal.ConfigInvoker.invokeConfigurations(ConfigInvoker.java:320)
at org.testng.internal.TestInvoker.runConfigMethods(TestInvoker.java:701)
at org.testng.internal.TestInvoker.invokeMethod(TestInvoker.java:527)
at org.testng.internal.TestInvoker.invokeTestMethod(TestInvoker.java:174)
at org.testng.internal.MethodRunner.runInSequence(MethodRunner.java:46)
at org.testng.internal.TestInvoker$MethodInvocationAgent.invoke(TestInvoker.java:822)
at org.testng.internal.TestInvoker.invokeTestMethods(TestInvoker.java:147)
at org.testng.internal.TestMethodWorker.invokeTestMethods(TestMethodWorker.java:146)
at org.testng.internal.TestMethodWorker.run(TestMethodWorker.java:128)
at java.base/java.util.ArrayList.forEach(ArrayList.java:1540)
at org.testng.TestRunner.privateRun(TestRunner.java:764)
at org.testng.TestRunner.run(TestRunner.java:585)
at org.testng.SuiteRunner.runTest(SuiteRunner.java:384)
at org.testng.SuiteRunner.runSequentially(SuiteRunner.java:378)
at org.testng.SuiteRunner.privateRun(SuiteRunner.java:337)
at org.testng.SuiteRunner.run(SuiteRunner.java:286)
at org.testng.SuiteRunnerWorker.runSuite(SuiteRunnerWorker.java:53)
at org.testng.SuiteRunnerWorker.run(SuiteRunnerWorker.java:96)
at org.testng.TestNG.runSuitesSequentially(TestNG.java:1218)
at org.testng.TestNG.runSuitesLocally(TestNG.java:1140)
at org.testng.TestNG.runSuites(TestNG.java:1069)
at org.testng.TestNG.run(TestNG.java:1037)
at org.testng.remote.AbstractRemoteTestNG.run(AbstractRemoteTestNG.java:115)
at org.testng.remote.RemoteTestNG.initAndRun(RemoteTestNG.java:251)
at org.testng.remote.RemoteTestNG.main(RemoteTestNG.java:77)
Caused by: java.lang.NullPointerException
at io.github.bonigarcia.wdm.WebDriverManager.storeVersionToDownload(WebDriverManager.java:1254)
at io.github.bonigarcia.wdm.WebDriverManager.checkLatest(WebDriverManager.java:882)
at io.github.bonigarcia.wdm.WebDriverManager.filterCandidateUrls(WebDriverManager.java:712)
at io.github.bonigarcia.wdm.WebDriverManager.manage(WebDriverManager.java:506)
... 37 more
]]>
    </error>
  </testcase> <!-- beforeMethod -->
  <system-out/>
</testsuite> <!-- com.mertyazilim.tests.AnaMenuTest -->
